<?xml version="1.0" encoding="UTF-8"?>
<!-- Generated by org.testng.reporters.JUnitReportReporter -->
<testsuite skipped="0" hostname="Ajays-MacBook-Pro-1085.local" name="testcases.Zrx_Login" tests="1" failures="0" timestamp="16 Mar 2018 09:03:21 GMT" time="27.769" errors="0">
  <testcase name="doLogin" time="27.769" classname="testcases.Zrx_Login"/>
</testsuite> <!-- testcases.Zrx_Login -->
